<?xml version="1.0" encoding="UTF-8"?>
<!-- Generated by org.testng.reporters.JUnitReportReporter -->
<testsuite hostname="LAPTOP-8PVICKAN" failures="0" tests="3" name="com.neotech.testcases.AddEmployeeTest" time="77.766" errors="0" timestamp="2023-02-10T04:03:51 EST" skipped="0">
  <testcase classname="com.neotech.testcases.AddEmployeeTest" name="addEmployee" time="25.959"/>
  <system-out/>
  <testcase classname="com.neotech.testcases.AddEmployeeTest" name="addEmployee" time="25.025"/>
  <system-out/>
  <testcase classname="com.neotech.testcases.AddEmployeeTest" name="addEmployee" time="26.782"/>
  <system-out/>
</testsuite> <!-- com.neotech.testcases.AddEmployeeTest -->
